  D3D12Adapter.cpp
C:\ReDoomsEngine\ReDoomsEngine\Source\Runtime\D3D12\D3D12Adapter.cpp(22,5): error C2065: 'ComPtr': undeclared identifier
C:\ReDoomsEngine\ReDoomsEngine\Source\Runtime\D3D12\D3D12Adapter.cpp(22,12): error C2275: 'IDXGIFactory4': illegal use of this type as an expression
C:\Program Files (x86)\Windows Kits\10\Include\10.0.22000.0\shared\dxgi1_4.h(932): message : see declaration of 'IDXGIFactory4'
C:\ReDoomsEngine\ReDoomsEngine\Source\Runtime\D3D12\D3D12Adapter.cpp(22,27): error C2065: 'factory': undeclared identifier
C:\ReDoomsEngine\ReDoomsEngine\Source\Runtime\D3D12\D3D12Adapter.cpp(23,38): error C2065: 'dxgiFactoryFlags': undeclared identifier
C:\ReDoomsEngine\ReDoomsEngine\Source\Runtime\D3D12\D3D12Adapter.cpp(23,56): error C2065: 'factory': undeclared identifier
C:\ReDoomsEngine\ReDoomsEngine\Source\Runtime\D3D12\D3D12Adapter.cpp(23,5): error C3861: 'ThrowIfFailed': identifier not found
C:\ReDoomsEngine\ReDoomsEngine\Source\Runtime\D3D12\D3D12Adapter.cpp(25,9): error C2065: 'm_useWarpDevice': undeclared identifier
C:\ReDoomsEngine\ReDoomsEngine\Source\Runtime\D3D12\D3D12Adapter.cpp(27,9): error C2065: 'ComPtr': undeclared identifier
C:\ReDoomsEngine\ReDoomsEngine\Source\Runtime\D3D12\D3D12Adapter.cpp(27,16): error C2275: 'IDXGIAdapter': illegal use of this type as an expression
C:\Program Files (x86)\Windows Kits\10\Include\10.0.22000.0\shared\dxgi.h(1326): message : see declaration of 'IDXGIAdapter'
C:\ReDoomsEngine\ReDoomsEngine\Source\Runtime\D3D12\D3D12Adapter.cpp(27,30): error C2065: 'warpAdapter': undeclared identifier
C:\ReDoomsEngine\ReDoomsEngine\Source\Runtime\D3D12\D3D12Adapter.cpp(28,23): error C2065: 'factory': undeclared identifier
C:\ReDoomsEngine\ReDoomsEngine\Source\Runtime\D3D12\D3D12Adapter.cpp(28,48): error C2065: 'warpAdapter': undeclared identifier
C:\ReDoomsEngine\ReDoomsEngine\Source\Runtime\D3D12\D3D12Adapter.cpp(28,9): error C3861: 'ThrowIfFailed': identifier not found
C:\ReDoomsEngine\ReDoomsEngine\Source\Runtime\D3D12\D3D12Adapter.cpp(31,13): error C2065: 'warpAdapter': undeclared identifier
C:\ReDoomsEngine\ReDoomsEngine\Source\Runtime\D3D12\D3D12Adapter.cpp(33,13): error C2065: 'm_device': undeclared identifier
C:\ReDoomsEngine\ReDoomsEngine\Source\Runtime\D3D12\D3D12Adapter.cpp(30,23): error C2660: 'D3D12CreateDevice': function does not take 2 arguments
C:\Program Files (x86)\Windows Kits\10\Include\10.0.22000.0\um\d3d12.h(21203,16): message : see declaration of 'D3D12CreateDevice'
C:\ReDoomsEngine\ReDoomsEngine\Source\Runtime\D3D12\D3D12Adapter.cpp(30,9): error C3861: 'ThrowIfFailed': identifier not found
C:\ReDoomsEngine\ReDoomsEngine\Source\Runtime\D3D12\D3D12Adapter.cpp(38,9): error C2065: 'ComPtr': undeclared identifier
C:\ReDoomsEngine\ReDoomsEngine\Source\Runtime\D3D12\D3D12Adapter.cpp(38,16): error C2275: 'IDXGIAdapter1': illegal use of this type as an expression
C:\Program Files (x86)\Windows Kits\10\Include\10.0.22000.0\shared\dxgi.h(2751): message : see declaration of 'IDXGIAdapter1'
C:\ReDoomsEngine\ReDoomsEngine\Source\Runtime\D3D12\D3D12Adapter.cpp(38,31): error C2065: 'hardwareAdapter': undeclared identifier
C:\ReDoomsEngine\ReDoomsEngine\Source\Runtime\D3D12\D3D12Adapter.cpp(39,28): error C2065: 'factory': undeclared identifier
C:\ReDoomsEngine\ReDoomsEngine\Source\Runtime\D3D12\D3D12Adapter.cpp(39,44): error C2065: 'hardwareAdapter': undeclared identifier
C:\ReDoomsEngine\ReDoomsEngine\Source\Runtime\D3D12\D3D12Adapter.cpp(39,9): error C3861: 'GetHardwareAdapter': identifier not found
C:\ReDoomsEngine\ReDoomsEngine\Source\Runtime\D3D12\D3D12Adapter.cpp(42,13): error C2065: 'hardwareAdapter': undeclared identifier
C:\ReDoomsEngine\ReDoomsEngine\Source\Runtime\D3D12\D3D12Adapter.cpp(44,13): error C2065: 'm_device': undeclared identifier
C:\ReDoomsEngine\ReDoomsEngine\Source\Runtime\D3D12\D3D12Adapter.cpp(41,23): error C2660: 'D3D12CreateDevice': function does not take 2 arguments
C:\Program Files (x86)\Windows Kits\10\Include\10.0.22000.0\um\d3d12.h(21203,16): message : see declaration of 'D3D12CreateDevice'
C:\ReDoomsEngine\ReDoomsEngine\Source\Runtime\D3D12\D3D12Adapter.cpp(41,9): error C3861: 'ThrowIfFailed': identifier not found
  D3D12Device.cpp
  D3D12Manager.cpp
  main.cpp
  allocator_eastl.cpp
  assert.cpp
  atomic.cpp
  fixed_pool.cpp
  hashtable.cpp
  intrusive_list.cpp
  numeric_limits.cpp
  red_black_tree.cpp
  string.cpp
  thread_support.cpp
  Window.cpp
