The system is: Windows - 10.0.19045 - AMD64
Compiling the CXX compiler identification source file "CMakeCXXCompilerId.cpp" succeeded.
Compiler:  
Build flags: 
Id flags:  

The output was:
0
.NET Framework용 Microsoft (R) Build Engine 버전 17.0.0+c9eb9dd64
Copyright (C) Microsoft Corporation. All rights reserved.

빌드 시작: 2023-12-27 오후 5:51:58
1 노드의 "$(SolutionDir)Source\Runtime\STL\EASTL\build\CMakeFiles\3.22.2\CompilerIdCXX\CompilerIdCXX.vcxproj" 프로젝트(기본 대상)입니다.
PrepareForBuild:
  "Debug\" 디렉터리를 만들고 있습니다.
  "Debug\CompilerIdCXX.tlog\" 디렉터리를 만들고 있습니다.
InitializeBuildStatus:
  "AlwaysCreate"이(가) 지정되었기 때문에 "Debug\CompilerIdCXX.tlog\unsuccessfulbuild"을(를) 만들고 있습니다.
VcpkgTripletSelection:
  Using triplet "x64-windows" from "C:\vcpkg\scripts\buildsystems\msbuild\..\..\..\installed\x64-windows\"
ClCompile:
  C:\Program Files\Microsoft Visual Studio\2022\Community\VC\Tools\MSVC\14.30.30705\bin\HostX64\x64\CL.exe /c /I"C:\vcpkg\scripts\buildsystems\msbuild\..\..\..\installed\x64-windows\include" /nologo /W0 /WX- /diagnostics:column /Od /D _MBCS /Gm- /EHsc /RTC1 /MDd /GS /fp:precise /Zc:wchar_t /Zc:forScope /Zc:inline /Fo"Debug\\" /Fd"Debug\vc143.pdb" /external:W0 /Gd /TP /FC /errorReport:queue CMakeCXXCompilerId.cpp
  CMakeCXXCompilerId.cpp
Link:
  C:\Program Files\Microsoft Visual Studio\2022\Community\VC\Tools\MSVC\14.30.30705\bin\HostX64\x64\link.exe /ERRORREPORT:QUEUE /OUT:".\CompilerIdCXX.exe" /INCREMENTAL:NO /NOLOGO /LIBPATH:"C:\vcpkg\scripts\buildsystems\msbuild\..\..\..\installed\x64-windows\debug\lib" /LIBPATH:"C:\vcpkg\scripts\buildsystems\msbuild\..\..\..\installed\x64-windows\debug\lib\manual-link" kernel32.lib user32.lib gdi32.lib winspool.lib comdlg32.lib advapi32.lib shell32.lib ole32.lib oleaut32.lib uuid.lib odbc32.lib odbccp32.lib "C:\vcpkg\scripts\buildsystems\msbuild\..\..\..\installed\x64-windows\debug\lib\*.lib" /MANIFEST /MANIFESTUAC:"level='asInvoker' uiAccess='false'" /manifest:embed /PDB:".\CompilerIdCXX.pdb" /SUBSYSTEM:CONSOLE /TLBID:1 /DYNAMICBASE /NXCOMPAT /IMPLIB:".\CompilerIdCXX.lib" /MACHINE:X64 Debug\CMakeCXXCompilerId.obj
  CompilerIdCXX.vcxproj -> $(SolutionDir)Source\Runtime\STL\EASTL\build\CMakeFiles\3.22.2\CompilerIdCXX\CompilerIdCXX.exe
PostBuildEvent:
  for %%i in (cl.exe) do @echo CMAKE_CXX_COMPILER=%%~$PATH:i
  :VCEnd
  CMAKE_CXX_COMPILER=C:\Program Files\Microsoft Visual Studio\2022\Community\VC\Tools\MSVC\14.30.30705\bin\Hostx64\x64\cl.exe
FinalizeBuildStatus:
  "Debug\CompilerIdCXX.tlog\unsuccessfulbuild" 파일을 삭제하고 있습니다.
  "Debug\CompilerIdCXX.tlog\CompilerIdCXX.lastbuildstate"에 연결(touching)하고 있습니다.
"$(SolutionDir)Source\Runtime\STL\EASTL\build\CMakeFiles\3.22.2\CompilerIdCXX\CompilerIdCXX.vcxproj" 프로젝트를 빌드했습니다(기본 대상).

빌드했습니다.
    경고 0개
    오류 0개

경과 시간: 00:00:01.03


Compilation of the CXX compiler identification source "CMakeCXXCompilerId.cpp" produced "CompilerIdCXX.exe"

Compilation of the CXX compiler identification source "CMakeCXXCompilerId.cpp" produced "CompilerIdCXX.vcxproj"

The CXX compiler identification is MSVC, found in "$(SolutionDir)Source/Runtime/STL/EASTL/build/CMakeFiles/3.22.2/CompilerIdCXX/CompilerIdCXX.exe"

Detecting CXX compiler ABI info compiled with the following output:
Change Dir: $(SolutionDir)Source/Runtime/STL/EASTL/build/CMakeFiles/CMakeTmp

Run Build Command(s):C:/Program Files/Microsoft Visual Studio/2022/Community/MSBuild/Current/Bin/amd64/MSBuild.exe cmTC_c55ff.vcxproj /p:Configuration=Debug /p:Platform=x64 /p:VisualStudioVersion=17.0 /v:m && .NET Framework용 Microsoft (R) Build Engine 버전 17.0.0+c9eb9dd64

Copyright (C) Microsoft Corporation. All rights reserved.



  Microsoft (R) C/C++ Optimizing Compiler Version 19.30.30706 for x64
$(SolutionDir)
  CMakeCXXCompilerABI.cpp

  Copyright (C) Microsoft Corporation.  All rights reserved.

  cl /c /I"C:\vcpkg\scripts\buildsystems\msbuild\..\..\..\installed\x64-windows\include" /Zi /W3 /WX- /diagnostics:column /Od /Ob0 /D _MBCS /D WIN32 /D _WINDOWS /D "CMAKE_INTDIR=\"Debug\"" /Gm- /EHsc /RTC1 /MDd /GS /fp:precise /Zc:wchar_t /Zc:forScope /Zc:inline /GR /Fo"cmTC_c55ff.dir\Debug\\" /Fd"cmTC_c55ff.dir\Debug\vc143.pdb" /external:W3 /Gd /TP /errorReport:queue "C:\Program Files\CMake\share\cmake-3.22\Modules\CMakeCXXCompilerABI.cpp"

  cmTC_c55ff.vcxproj -> $(SolutionDir)Source\Runtime\STL\EASTL\build\CMakeFiles\CMakeTmp\Debug\cmTC_c55ff.exe




Performing C++ SOURCE FILE Test EASTL_HAS_ZCCHAR8T_FLAG succeeded with the following output:
Change Dir: $(SolutionDir)Source/Runtime/STL/EASTL/build/CMakeFiles/CMakeTmp$(SolutionDir)
$(SolutionDir)
Run Build Command(s):C:/Program Files/Microsoft Visual Studio/2022/Community/MSBuild/Current/Bin/amd64/MSBuild.exe cmTC_6bf86.vcxproj /p:Configuration=Debug /p:Platform=x64 /p:VisualStudioVersion=17.0 /v:m && .NET Framework용 Microsoft (R) Build Engine 버전 17.0.0+c9eb9dd64

Copyright (C) Microsoft Corporation. All rights reserved.



  Microsoft (R) C/C++ Optimizing Compiler Version 19.30.30706 for x64

  src.cxx

  Copyright (C) Microsoft Corporation.  All rights reserved.

  cl /c /I"C:\vcpkg\scripts\buildsystems\msbuild\..\..\..\installed\x64-windows\include" /Zi /W3 /WX- /diagnostics:column /Od /Ob0 /D _MBCS /D WIN32 /D _WINDOWS /D EASTL_HAS_ZCCHAR8T_FLAG /D "CMAKE_INTDIR=\"Debug\"" /Gm- /EHsc /RTC1 /MDd /GS /fp:precise /Zc:wchar_t /Zc:forScope /Zc:inline /GR /Fo"cmTC_6bf86.dir\Debug\\" /Fd"cmTC_6bf86.dir\Debug\vc143.pdb" /external:W3 /Gd /TP /errorReport:queue  /Zc:char8_t $(SolutionDir)Source\Runtime\STL\EASTL\build\CMakeFiles\CMakeTmp\src.cxx

  cmTC_6bf86.vcxproj -> $(SolutionDir)Source\Runtime\STL\EASTL\build\CMakeFiles\CMakeTmp\Debug\cmTC_6bf86.exe



Source file was:
int main() { return 0; }
The system is: Windows - 10.0.19045 - AMD64
The system is: Windows - 10.0.19045 - AMD64
Compiling the CXX compiler identification source file "CMakeCXXCompilerId.cpp" succeeded.
Compiler:  
Build flags: 
Id flags:  

The output was:
0
msbuild 버전 17.8.5+b5265ef37(.NET Framework용)
빌드 시작: 2024-01-25 오후 1:41:23

1 노드의 "$(SolutionDir)\Source\Runtime\STL\EASTL\build\CMakeFiles\3.24.2\CompilerIdCXX\CompilerIdCXX.vcxproj" 프로젝트(기본 대상)입니다.
PrepareForBuild:
  "Debug\" 디렉터리를 만들고 있습니다.
  Structured output is enabled. The formatting of compiler diagnostics will reflect the error hierarchy. See https://aka.ms/cpp/structured-output for more details.
  "Debug\CompilerIdCXX.tlog\" 디렉터리를 만들고 있습니다.
InitializeBuildStatus:
  "AlwaysCreate"이(가) 지정되었기 때문에 "Debug\CompilerIdCXX.tlog\unsuccessfulbuild"을(를) 만들고 있습니다.
  "Debug\CompilerIdCXX.tlog\unsuccessfulbuild"에 연결(touching)하고 있습니다.
ClCompile:
  C:\Program Files\Microsoft Visual Studio\2022\Professional\VC\Tools\MSVC\14.38.33130\bin\HostX64\x64\CL.exe /c /nologo /W0 /WX- /diagnostics:column /Od /D _MBCS /Gm- /EHsc /RTC1 /MDd /GS /fp:precise /Zc:wchar_t /Zc:forScope /Zc:inline /Fo"Debug\\" /Fd"Debug\vc143.pdb" /external:W0 /Gd /TP /FC /errorReport:queue CMakeCXXCompilerId.cpp
  CMakeCXXCompilerId.cpp
Link:
  C:\Program Files\Microsoft Visual Studio\2022\Professional\VC\Tools\MSVC\14.38.33130\bin\HostX64\x64\link.exe /ERRORREPORT:QUEUE /OUT:".\CompilerIdCXX.exe" /INCREMENTAL:NO /NOLOGO kernel32.lib user32.lib gdi32.lib winspool.lib comdlg32.lib advapi32.lib shell32.lib ole32.lib oleaut32.lib uuid.lib odbc32.lib odbccp32.lib /MANIFEST /MANIFESTUAC:"level='asInvoker' uiAccess='false'" /manifest:embed /PDB:".\CompilerIdCXX.pdb" /SUBSYSTEM:CONSOLE /TLBID:1 /DYNAMICBASE /NXCOMPAT /IMPLIB:".\CompilerIdCXX.lib" /MACHINE:X64 Debug\CMakeCXXCompilerId.obj
  CompilerIdCXX.vcxproj -> $(SolutionDir)\Source\Runtime\STL\EASTL\build\CMakeFiles\3.24.2\CompilerIdCXX\CompilerIdCXX.exe
PostBuildEvent:
  for %%i in (cl.exe) do @echo CMAKE_CXX_COMPILER=%%~$PATH:i
  :VCEnd
  CMAKE_CXX_COMPILER=C:\Program Files\Microsoft Visual Studio\2022\Professional\VC\Tools\MSVC\14.38.33130\bin\Hostx64\x64\cl.exe
FinalizeBuildStatus:
  "Debug\CompilerIdCXX.tlog\unsuccessfulbuild" 파일을 삭제하고 있습니다.
  "Debug\CompilerIdCXX.tlog\CompilerIdCXX.lastbuildstate"에 연결(touching)하고 있습니다.
"$(SolutionDir)\Source\Runtime\STL\EASTL\build\CMakeFiles\3.24.2\CompilerIdCXX\CompilerIdCXX.vcxproj" 프로젝트를 빌드했습니다(기본 대상).

빌드했습니다.
    경고 0개
    오류 0개

경과 시간: 00:00:03.20


Compilation of the CXX compiler identification source "CMakeCXXCompilerId.cpp" produced "CompilerIdCXX.exe"

Compilation of the CXX compiler identification source "CMakeCXXCompilerId.cpp" produced "CompilerIdCXX.vcxproj"

The CXX compiler identification is MSVC, found in "$(SolutionDir)/Source/Runtime/STL/EASTL/build/CMakeFiles/3.24.2/CompilerIdCXX/CompilerIdCXX.exe"

Detecting CXX compiler ABI info compiled with the following output:
Change Dir: $(SolutionDir)/Source/Runtime/STL/EASTL/build/CMakeFiles/CMakeTmp

Run Build Command(s):C:/Program Files/Microsoft Visual Studio/2022/Professional/MSBuild/Current/Bin/amd64/MSBuild.exe cmTC_14f0c.vcxproj /p:Configuration=Debug /p:Platform=x64 /p:VisualStudioVersion=17.0 /v:m && msbuild 버전 17.8.5+b5265ef37(.NET Framework용)



  Microsoft (R) C/C++ Optimizing Compiler Version 19.38.33134 for x64

  Copyright (C) Microsof$(SolutionDir)erved.

  cl /c /Zi /W3 /WX- /diagnostics:column /Od /Ob0 /D _MBCS /D WIN32 /D _WINDOWS /D "CMAKE_INTDIR=\"Debug\"" /Gm- /EHsc /RTC1 /MDd /GS /fp:precise /Zc:wchar_t /Zc:forScope /Zc:inline /GR /Fo"cmTC_14f0c.dir\Debug\\" /Fd"cmTC_14f0c.dir\Debug\vc143.pdb" /external:W3 /Gd /TP /errorReport:queue "C:\Program Files\CMake\share\cmake-3.24\Modules\CMakeCXXCompilerABI.cpp"

  CMakeCXXCompilerABI.cpp

  cmTC_14f0c.vcxproj -> F:\ReDoomsEngine\ReDoomsEngine\Source\Runtime\STL\EASTL\build\CMakeFiles\CMakeTmp\Debug\cmTC_14f0c.exe




Performing C++ SOURCE FILE Test EASTL_HAS_ZCCHAR8T_FLAG succeeded with the following output:$(SolutionDir)
Change Dir: $(SolutionDir)/Source/Runtime/STL/EASTL/build/CMakeFiles/CMakeTmp
$(SolutionDir)
Run Build Command(s):C:/Program Files/Microsoft Visual Studio/2022/Professional/MSBuild/Current/Bin/amd64/MSBuild.exe cmTC_293e1.vcxproj /p:Configuration=Debug /p:Platform=x64 /p:VisualStudioVersion=17.0 /v:m && msbuild 버전 17.8.5+b5265ef37(.NET Framework용)



  Microsoft (R) C/C++ Optimizing Compiler Version 19.38.33134 for x64

  Copyright (C) Microsoft Corporation.  All rights reserved.

  cl /c /Zi /W3 /WX- /diagnostics:column /Od /Ob0 /D _MBCS /D WIN32 /D _WINDOWS /D EASTL_HAS_ZCCHAR8T_FLAG /D "CMAKE_INTDIR=\"Debug\"" /Gm- /EHsc /RTC1 /MDd /GS /fp:precise /Zc:wchar_t /Zc:forScope /Zc:inline /GR /Fo"cmTC_293e1.dir\Debug\\" /Fd"cmTC_293e1.dir\Debug\vc143.pdb" /external:W3 /Gd /TP /errorReport:queue  /Zc:char8_t F:\ReDoomsEngine\ReDoomsEngine\Source\Runtime\STL\EASTL\build\CMakeFiles\CMakeTmp\src.cxx

  src.cxx

  cmTC_293e1.vcxproj -> F:\ReDoomsEngine\ReDoomsEngine\Source\Runtime\STL\EASTL\build\CMakeFiles\CMakeTmp\Debug\cmTC_293e1.exe



Source file was:
int main() { return 0; }
