f:\redoomsengine\redoomsengine\source\runtime\stl\mimalloc\build\debug\mimalloc-static.pdb
f:\redoomsengine\redoomsengine\source\runtime\stl\mimalloc\build\mimalloc-static.dir\debug\prim.obj
f:\redoomsengine\redoomsengine\source\runtime\stl\mimalloc\build\mimalloc-static.dir\debug\stats.obj
f:\redoomsengine\redoomsengine\source\runtime\stl\mimalloc\build\mimalloc-static.dir\debug\segment-map.obj
f:\redoomsengine\redoomsengine\source\runtime\stl\mimalloc\build\mimalloc-static.dir\debug\segment.obj
f:\redoomsengine\redoomsengine\source\runtime\stl\mimalloc\build\mimalloc-static.dir\debug\random.obj
f:\redoomsengine\redoomsengine\source\runtime\stl\mimalloc\build\mimalloc-static.dir\debug\page.obj
f:\redoomsengine\redoomsengine\source\runtime\stl\mimalloc\build\mimalloc-static.dir\debug\os.obj
f:\redoomsengine\redoomsengine\source\runtime\stl\mimalloc\build\mimalloc-static.dir\debug\options.obj
f:\redoomsengine\redoomsengine\source\runtime\stl\mimalloc\build\mimalloc-static.dir\debug\init.obj
f:\redoomsengine\redoomsengine\source\runtime\stl\mimalloc\build\mimalloc-static.dir\debug\heap.obj
f:\redoomsengine\redoomsengine\source\runtime\stl\mimalloc\build\mimalloc-static.dir\debug\bitmap.obj
f:\redoomsengine\redoomsengine\source\runtime\stl\mimalloc\build\mimalloc-static.dir\debug\arena.obj
f:\redoomsengine\redoomsengine\source\runtime\stl\mimalloc\build\mimalloc-static.dir\debug\alloc-posix.obj
f:\redoomsengine\redoomsengine\source\runtime\stl\mimalloc\build\mimalloc-static.dir\debug\alloc-aligned.obj
f:\redoomsengine\redoomsengine\source\runtime\stl\mimalloc\build\mimalloc-static.dir\debug\alloc.obj
f:\redoomsengine\redoomsengine\source\runtime\stl\mimalloc\build\cmakefiles\generate.stamp
f:\redoomsengine\redoomsengine\source\runtime\stl\mimalloc\build\debug\mimalloc-static.lib
f:\redoomsengine\redoomsengine\source\runtime\stl\mimalloc\build\mimalloc-static.dir\debug\mimalloc-static.tlog\cl.command.1.tlog
f:\redoomsengine\redoomsengine\source\runtime\stl\mimalloc\build\mimalloc-static.dir\debug\mimalloc-static.tlog\cl.items.tlog
f:\redoomsengine\redoomsengine\source\runtime\stl\mimalloc\build\mimalloc-static.dir\debug\mimalloc-static.tlog\cl.read.1.tlog
f:\redoomsengine\redoomsengine\source\runtime\stl\mimalloc\build\mimalloc-static.dir\debug\mimalloc-static.tlog\cl.write.1.tlog
f:\redoomsengine\redoomsengine\source\runtime\stl\mimalloc\build\mimalloc-static.dir\debug\mimalloc-static.tlog\custombuild.command.1.tlog
f:\redoomsengine\redoomsengine\source\runtime\stl\mimalloc\build\mimalloc-static.dir\debug\mimalloc-static.tlog\custombuild.read.1.tlog
f:\redoomsengine\redoomsengine\source\runtime\stl\mimalloc\build\mimalloc-static.dir\debug\mimalloc-static.tlog\custombuild.write.1.tlog
f:\redoomsengine\redoomsengine\source\runtime\stl\mimalloc\build\mimalloc-static.dir\debug\mimalloc-static.tlog\lib-link.read.1.tlog
f:\redoomsengine\redoomsengine\source\runtime\stl\mimalloc\build\mimalloc-static.dir\debug\mimalloc-static.tlog\lib-link.write.1.tlog
f:\redoomsengine\redoomsengine\source\runtime\stl\mimalloc\build\mimalloc-static.dir\debug\mimalloc-static.tlog\lib.command.1.tlog
