c:\redoomsengine\redoomsengine\source\runtime\stl\mimalloc\build\mimalloc.dir\debug\vc143.pdb
c:\redoomsengine\redoomsengine\source\runtime\stl\mimalloc\build\mimalloc.dir\debug\prim.obj
c:\redoomsengine\redoomsengine\source\runtime\stl\mimalloc\build\mimalloc.dir\debug\stats.obj
c:\redoomsengine\redoomsengine\source\runtime\stl\mimalloc\build\mimalloc.dir\debug\segment-map.obj
c:\redoomsengine\redoomsengine\source\runtime\stl\mimalloc\build\mimalloc.dir\debug\segment.obj
c:\redoomsengine\redoomsengine\source\runtime\stl\mimalloc\build\mimalloc.dir\debug\random.obj
c:\redoomsengine\redoomsengine\source\runtime\stl\mimalloc\build\mimalloc.dir\debug\page.obj
c:\redoomsengine\redoomsengine\source\runtime\stl\mimalloc\build\mimalloc.dir\debug\os.obj
c:\redoomsengine\redoomsengine\source\runtime\stl\mimalloc\build\mimalloc.dir\debug\options.obj
c:\redoomsengine\redoomsengine\source\runtime\stl\mimalloc\build\mimalloc.dir\debug\init.obj
c:\redoomsengine\redoomsengine\source\runtime\stl\mimalloc\build\mimalloc.dir\debug\heap.obj
c:\redoomsengine\redoomsengine\source\runtime\stl\mimalloc\build\mimalloc.dir\debug\bitmap.obj
c:\redoomsengine\redoomsengine\source\runtime\stl\mimalloc\build\mimalloc.dir\debug\arena.obj
c:\redoomsengine\redoomsengine\source\runtime\stl\mimalloc\build\mimalloc.dir\debug\alloc-posix.obj
c:\redoomsengine\redoomsengine\source\runtime\stl\mimalloc\build\mimalloc.dir\debug\alloc-aligned.obj
c:\redoomsengine\redoomsengine\source\runtime\stl\mimalloc\build\mimalloc.dir\debug\alloc.obj
c:\redoomsengine\redoomsengine\source\runtime\stl\mimalloc\build\cmakefiles\generate.stamp
c:\redoomsengine\redoomsengine\source\runtime\stl\mimalloc\build\mimalloc.dir\debug\mimalloc.ilk
c:\redoomsengine\redoomsengine\source\runtime\stl\mimalloc\build\debug\mimalloc.dll
c:\redoomsengine\redoomsengine\source\runtime\stl\mimalloc\build\debug\mimalloc.pdb
c:\redoomsengine\redoomsengine\source\runtime\stl\mimalloc\build\debug\mimalloc.lib
c:\redoomsengine\redoomsengine\source\runtime\stl\mimalloc\build\debug\mimalloc.exp
c:\redoomsengine\redoomsengine\source\runtime\stl\mimalloc\build\mimalloc.dir\debug\mimalloc.tlog\cl.command.1.tlog
c:\redoomsengine\redoomsengine\source\runtime\stl\mimalloc\build\mimalloc.dir\debug\mimalloc.tlog\cl.read.1.tlog
c:\redoomsengine\redoomsengine\source\runtime\stl\mimalloc\build\mimalloc.dir\debug\mimalloc.tlog\cl.write.1.tlog
c:\redoomsengine\redoomsengine\source\runtime\stl\mimalloc\build\mimalloc.dir\debug\mimalloc.tlog\custombuild.command.1.tlog
c:\redoomsengine\redoomsengine\source\runtime\stl\mimalloc\build\mimalloc.dir\debug\mimalloc.tlog\custombuild.read.1.tlog
c:\redoomsengine\redoomsengine\source\runtime\stl\mimalloc\build\mimalloc.dir\debug\mimalloc.tlog\custombuild.write.1.tlog
c:\redoomsengine\redoomsengine\source\runtime\stl\mimalloc\build\mimalloc.dir\debug\mimalloc.tlog\link.command.1.tlog
c:\redoomsengine\redoomsengine\source\runtime\stl\mimalloc\build\mimalloc.dir\debug\mimalloc.tlog\link.read.1.tlog
c:\redoomsengine\redoomsengine\source\runtime\stl\mimalloc\build\mimalloc.dir\debug\mimalloc.tlog\link.write.1.tlog
c:\redoomsengine\redoomsengine\source\runtime\stl\mimalloc\build\mimalloc.dir\debug\mimalloc.tlog\mimalloc.write.1u.tlog
