c:\redoomsengine\redoomsengine\source\runtime\stl\eastl\build\debug\eastl.pdb
c:\redoomsengine\redoomsengine\source\runtime\stl\eastl\build\eastl.dir\debug\thread_support.obj
c:\redoomsengine\redoomsengine\source\runtime\stl\eastl\build\eastl.dir\debug\string.obj
c:\redoomsengine\redoomsengine\source\runtime\stl\eastl\build\eastl.dir\debug\red_black_tree.obj
c:\redoomsengine\redoomsengine\source\runtime\stl\eastl\build\eastl.dir\debug\numeric_limits.obj
c:\redoomsengine\redoomsengine\source\runtime\stl\eastl\build\eastl.dir\debug\intrusive_list.obj
c:\redoomsengine\redoomsengine\source\runtime\stl\eastl\build\eastl.dir\debug\hashtable.obj
c:\redoomsengine\redoomsengine\source\runtime\stl\eastl\build\eastl.dir\debug\fixed_pool.obj
c:\redoomsengine\redoomsengine\source\runtime\stl\eastl\build\eastl.dir\debug\atomic.obj
c:\redoomsengine\redoomsengine\source\runtime\stl\eastl\build\eastl.dir\debug\assert.obj
c:\redoomsengine\redoomsengine\source\runtime\stl\eastl\build\eastl.dir\debug\allocator_eastl.obj
c:\redoomsengine\redoomsengine\source\runtime\stl\eastl\build\cmakefiles\generate.stamp
c:\redoomsengine\redoomsengine\source\runtime\stl\eastl\build\debug\eastl.lib
c:\redoomsengine\redoomsengine\source\runtime\stl\eastl\build\eastl.dir\debug\eastl.tlog\cl.command.1.tlog
c:\redoomsengine\redoomsengine\source\runtime\stl\eastl\build\eastl.dir\debug\eastl.tlog\cl.items.tlog
c:\redoomsengine\redoomsengine\source\runtime\stl\eastl\build\eastl.dir\debug\eastl.tlog\cl.read.1.tlog
c:\redoomsengine\redoomsengine\source\runtime\stl\eastl\build\eastl.dir\debug\eastl.tlog\cl.write.1.tlog
c:\redoomsengine\redoomsengine\source\runtime\stl\eastl\build\eastl.dir\debug\eastl.tlog\custombuild.command.1.tlog
c:\redoomsengine\redoomsengine\source\runtime\stl\eastl\build\eastl.dir\debug\eastl.tlog\custombuild.read.1.tlog
c:\redoomsengine\redoomsengine\source\runtime\stl\eastl\build\eastl.dir\debug\eastl.tlog\custombuild.write.1.tlog
c:\redoomsengine\redoomsengine\source\runtime\stl\eastl\build\eastl.dir\debug\eastl.tlog\lib-link.read.1.tlog
c:\redoomsengine\redoomsengine\source\runtime\stl\eastl\build\eastl.dir\debug\eastl.tlog\lib-link.write.1.tlog
c:\redoomsengine\redoomsengine\source\runtime\stl\eastl\build\eastl.dir\debug\eastl.tlog\lib.command.1.tlog
